# JRE version: OpenJDK Runtime Environment (8.0_275-b01) (build 1.8.0_275-8u275-b01-0ubuntu1~16.04-b01)
# Java VM: OpenJDK 64-Bit Server VM (25.275-b01 mixed mode linux-amd64 compressed oops)
Heap:
 PSYoungGen      total 329216K, used 4238K [0x00000000d7800000, 0x00000000ed300000, 0x0000000100000000)
  eden space 312320K, 0% used [0x00000000d7800000,0x00000000d7800000,0x00000000ea900000)
  from space 16896K, 25% used [0x00000000eb200000,0x00000000eb623ba0,0x00000000ec280000)
  to   space 12288K, 0% used [0x00000000ec700000,0x00000000ec700000,0x00000000ed300000)
 ParOldGen       total 62976K, used 27011K [0x0000000086800000, 0x000000008a580000, 0x00000000d7800000)
  object space 62976K, 42% used [0x0000000086800000,0x0000000088260d28,0x000000008a580000)
 Metaspace       used 56114K, capacity 59050K, committed 59096K, reserved 1099776K
  class space    used 7543K, capacity 8051K, committed 8064K, reserved 1048576K
GC Heap History (10 events):
Event: 14,859 GC heap after
Heap after GC invocations=8 (full 1):
 PSYoungGen      total 134656K, used 9753K [0x00000000d7800000, 0x00000000e6b80000, 0x0000000100000000)
  eden space 124416K, 0% used [0x00000000d7800000,0x00000000d7800000,0x00000000df180000)
  from space 10240K, 95% used [0x00000000df180000,0x00000000dfb066f8,0x00000000dfb80000)
  to   space 11776K, 0% used [0x00000000e6000000,0x00000000e6000000,0x00000000e6b80000)
 ParOldGen       total 47104K, used 7401K [0x0000000086800000, 0x0000000089600000, 0x00000000d7800000)
  object space 47104K, 15% used [0x0000000086800000,0x0000000086f3a680,0x0000000089600000)
 Metaspace       used 26293K, capacity 27872K, committed 28032K, reserved 1073152K
  class space    used 3390K, capacity 3698K, committed 3712K, reserved 1048576K
}
Event: 17,178 GC heap before
{Heap before GC invocations=9 (full 1):
 PSYoungGen      total 134656K, used 134169K [0x00000000d7800000, 0x00000000e6b80000, 0x0000000100000000)
  eden space 124416K, 100% used [0x00000000d7800000,0x00000000df180000,0x00000000df180000)
  from space 10240K, 95% used [0x00000000df180000,0x00000000dfb066f8,0x00000000dfb80000)
  to   space 11776K, 0% used [0x00000000e6000000,0x00000000e6000000,0x00000000e6b80000)
 ParOldGen       total 47104K, used 7401K [0x0000000086800000, 0x0000000089600000, 0x00000000d7800000)
  object space 47104K, 15% used [0x0000000086800000,0x0000000086f3a680,0x0000000089600000)
 Metaspace       used 29976K, capacity 31996K, committed 32128K, reserved 1077248K
  class space    used 3874K, capacity 4222K, committed 4224K, reserved 1048576K
Event: 17,220 GC heap after
Heap after GC invocations=9 (full 1):
 PSYoungGen      total 232448K, used 8807K [0x00000000d7800000, 0x00000000e6980000, 0x0000000100000000)
  eden space 222720K, 0% used [0x00000000d7800000,0x00000000d7800000,0x00000000e5180000)
  from space 9728K, 90% used [0x00000000e6000000,0x00000000e6899f98,0x00000000e6980000)
  to   space 12288K, 0% used [0x00000000e5180000,0x00000000e5180000,0x00000000e5d80000)
 ParOldGen       total 47104K, used 7409K [0x0000000086800000, 0x0000000089600000, 0x00000000d7800000)
  object space 47104K, 15% used [0x0000000086800000,0x0000000086f3c680,0x0000000089600000)
 Metaspace       used 29976K, capacity 31996K, committed 32128K, reserved 1077248K
  class space    used 3874K, capacity 4222K, committed 4224K, reserved 1048576K
}
Event: 19,237 GC heap before
{Heap before GC invocations=10 (full 1):
 PSYoungGen      total 232448K, used 40240K [0x00000000d7800000, 0x00000000e6980000, 0x0000000100000000)
  eden space 222720K, 14% used [0x00000000d7800000,0x00000000d96b2358,0x00000000e5180000)
  from space 9728K, 90% used [0x00000000e6000000,0x00000000e6899f98,0x00000000e6980000)
  to   space 12288K, 0% used [0x00000000e5180000,0x00000000e5180000,0x00000000e5d80000)
 ParOldGen       total 47104K, used 7409K [0x0000000086800000, 0x0000000089600000, 0x00000000d7800000)
  object space 47104K, 15% used [0x0000000086800000,0x0000000086f3c680,0x0000000089600000)
 Metaspace       used 33268K, capacity 35404K, committed 35456K, reserved 1079296K
  class space    used 4312K, capacity 4732K, committed 4736K, reserved 1048576K
Event: 19,336 GC heap after
Heap after GC invocations=10 (full 1):
 PSYoungGen      total 235008K, used 8210K [0x00000000d7800000, 0x00000000ed300000, 0x0000000100000000)
  eden space 222720K, 0% used [0x00000000d7800000,0x00000000d7800000,0x00000000e5180000)
  from space 12288K, 66% used [0x00000000e5180000,0x00000000e5984b78,0x00000000e5d80000)
  to   space 12288K, 0% used [0x00000000ec700000,0x00000000ec700000,0x00000000ed300000)
 ParOldGen       total 47104K, used 7417K [0x0000000086800000, 0x0000000089600000, 0x00000000d7800000)
  object space 47104K, 15% used [0x0000000086800000,0x0000000086f3e680,0x0000000089600000)
 Metaspace       used 33268K, capacity 35404K, committed 35456K, reserved 1079296K
  class space    used 4312K, capacity 4732K, committed 4736K, reserved 1048576K
}
Event: 19,336 GC heap before
{Heap before GC invocations=11 (full 2):
 PSYoungGen      total 235008K, used 8210K [0x00000000d7800000, 0x00000000ed300000, 0x0000000100000000)
  eden space 222720K, 0% used [0x00000000d7800000,0x00000000d7800000,0x00000000e5180000)
  from space 12288K, 66% used [0x00000000e5180000,0x00000000e5984b78,0x00000000e5d80000)
  to   space 12288K, 0% used [0x00000000ec700000,0x00000000ec700000,0x00000000ed300000)
 ParOldGen       total 47104K, used 7417K [0x0000000086800000, 0x0000000089600000, 0x00000000d7800000)
  object space 47104K, 15% used [0x0000000086800000,0x0000000086f3e680,0x0000000089600000)
 Metaspace       used 33268K, capacity 35404K, committed 35456K, reserved 1079296K
  class space    used 4312K, capacity 4732K, committed 4736K, reserved 1048576K
Event: 19,543 GC heap after
Heap after GC invocations=11 (full 2):
 PSYoungGen      total 235008K, used 0K [0x00000000d7800000, 0x00000000ed300000, 0x0000000100000000)
  eden space 222720K, 0% used [0x00000000d7800000,0x00000000d7800000,0x00000000e5180000)
  from space 12288K, 0% used [0x00000000e5180000,0x00000000e5180000,0x00000000e5d80000)
  to   space 12288K, 0% used [0x00000000ec700000,0x00000000ec700000,0x00000000ed300000)
 ParOldGen       total 62976K, used 12944K [0x0000000086800000, 0x000000008a580000, 0x00000000d7800000)
  object space 62976K, 20% used [0x0000000086800000,0x00000000874a41f0,0x000000008a580000)
 Metaspace       used 33268K, capacity 35404K, committed 35456K, reserved 1079296K
  class space    used 4312K, capacity 4732K, committed 4736K, reserved 1048576K
}
Event: 28,241 GC heap before
{Heap before GC invocations=12 (full 2):
 PSYoungGen      total 235008K, used 222720K [0x00000000d7800000, 0x00000000ed300000, 0x0000000100000000)
  eden space 222720K, 100% used [0x00000000d7800000,0x00000000e5180000,0x00000000e5180000)
  from space 12288K, 0% used [0x00000000e5180000,0x00000000e5180000,0x00000000e5d80000)
  to   space 12288K, 0% used [0x00000000ec700000,0x00000000ec700000,0x00000000ed300000)
 ParOldGen       total 62976K, used 12944K [0x0000000086800000, 0x000000008a580000, 0x00000000d7800000)
  object space 62976K, 20% used [0x0000000086800000,0x00000000874a41f0,0x000000008a580000)
 Metaspace       used 52086K, capacity 54560K, committed 54912K, reserved 1097728K
  class space    used 7019K, capacity 7464K, committed 7552K, reserved 1048576K
Event: 28,358 GC heap after
Heap after GC invocations=12 (full 2):
 PSYoungGen      total 324608K, used 12260K [0x00000000d7800000, 0x00000000ed300000, 0x0000000100000000)
  eden space 312320K, 0% used [0x00000000d7800000,0x00000000d7800000,0x00000000ea900000)
  from space 12288K, 99% used [0x00000000ec700000,0x00000000ed2f9298,0x00000000ed300000)
  to   space 16896K, 0% used [0x00000000eb200000,0x00000000eb200000,0x00000000ec280000)
 ParOldGen       total 62976K, used 20037K [0x0000000086800000, 0x000000008a580000, 0x00000000d7800000)
  object space 62976K, 31% used [0x0000000086800000,0x0000000087b91720,0x000000008a580000)
 Metaspace       used 52086K, capacity 54560K, committed 54912K, reserved 1097728K
  class space    used 7019K, capacity 7464K, committed 7552K, reserved 1048576K
}
Event: 35,329 GC heap before
{Heap before GC invocations=13 (full 2):
 PSYoungGen      total 324608K, used 62011K [0x00000000d7800000, 0x00000000ed300000, 0x0000000100000000)
  eden space 312320K, 15% used [0x00000000d7800000,0x00000000da895cd8,0x00000000ea900000)
  from space 12288K, 99% used [0x00000000ec700000,0x00000000ed2f9298,0x00000000ed300000)
  to   space 16896K, 0% used [0x00000000eb200000,0x00000000eb200000,0x00000000ec280000)
 ParOldGen       total 62976K, used 20037K [0x0000000086800000, 0x000000008a580000, 0x00000000d7800000)
  object space 62976K, 31% used [0x0000000086800000,0x0000000087b91720,0x000000008a580000)
 Metaspace       used 56114K, capacity 59050K, committed 59096K, reserved 1099776K
  class space    used 7543K, capacity 8051K, committed 8064K, reserved 1048576K

